# JRE version: OpenJDK Runtime Environment Temurin-17.0.6+10 (17.0.6+10) (build 17.0.6+10)
# Java VM: OpenJDK 64-Bit Server VM Temurin-17.0.6+10 (17.0.6+10, mixed mode, tiered, compressed oops, compressed class ptrs, parallel gc, windows-amd64)
GC Precious Log:
 CPUs: 8 total, 8 available
 Memory: 7123M
 Large Page Support: Disabled
 NUMA Support: Disabled
 Compressed Oops: Enabled (32-bit)
 Alignments: Space 512K, Generation 512K, Heap 2M
 Heap Min Capacity: 100M
 Heap Initial Capacity: 100M
 Heap Max Capacity: 1G
 Pre-touch: Disabled
 Parallel Workers: 8
Heap:
 PSYoungGen      total 37376K, used 18332K [0x00000000eab00000, 0x00000000efb00000, 0x0000000100000000)
  eden space 15360K, 69% used [0x00000000eab00000,0x00000000eb56eef0,0x00000000eba00000)
  from space 22016K, 34% used [0x00000000eba00000,0x00000000ec178448,0x00000000ecf80000)
  to   space 33280K, 0% used [0x00000000eda80000,0x00000000eda80000,0x00000000efb00000)
 ParOldGen       total 419328K, used 344637K [0x00000000c0000000, 0x00000000d9980000, 0x00000000eab00000)
  object space 419328K, 82% used [0x00000000c0000000,0x00000000d508f650,0x00000000d9980000)
 Metaspace       used 72176K, committed 73216K, reserved 1114112K
  class space    used 7703K, committed 8128K, reserved 1048576K
GC Heap History (20 events):
Event: 34.575 GC heap before
{Heap before GC invocations=168 (full 11):
 PSYoungGen      total 25088K, used 25087K [0x00000000eab00000, 0x00000000edb80000, 0x0000000100000000)
  eden space 14336K, 100% used [0x00000000eab00000,0x00000000eb900000,0x00000000eb900000)
  from space 10752K, 99% used [0x00000000ec780000,0x00000000ed1ffd10,0x00000000ed200000)
  to   space 14848K, 0% used [0x00000000eb900000,0x00000000eb900000,0x00000000ec780000)
 ParOldGen       total 345088K, used 287891K [0x00000000c0000000, 0x00000000d5100000, 0x00000000eab00000)
  object space 345088K, 83% used [0x00000000c0000000,0x00000000d1924d78,0x00000000d5100000)
 Metaspace       used 71811K, committed 72832K, reserved 1114112K
  class space    used 7652K, committed 8064K, reserved 1048576K
}
Event: 34.582 GC heap after
{Heap after GC invocations=168 (full 11):
 PSYoungGen      total 29184K, used 12407K [0x00000000eab00000, 0x00000000ed480000, 0x0000000100000000)
  eden space 14336K, 0% used [0x00000000eab00000,0x00000000eab00000,0x00000000eb900000)
  from space 14848K, 83% used [0x00000000eb900000,0x00000000ec51df10,0x00000000ec780000)
  to   space 13312K, 0% used [0x00000000ec780000,0x00000000ec780000,0x00000000ed480000)
 ParOldGen       total 345088K, used 291646K [0x00000000c0000000, 0x00000000d5100000, 0x00000000eab00000)
  object space 345088K, 84% used [0x00000000c0000000,0x00000000d1ccf8d0,0x00000000d5100000)
 Metaspace       used 71811K, committed 72832K, reserved 1114112K
  class space    used 7652K, committed 8064K, reserved 1048576K
}
Event: 34.619 GC heap before
{Heap before GC invocations=169 (full 11):
 PSYoungGen      total 29184K, used 26743K [0x00000000eab00000, 0x00000000ed480000, 0x0000000100000000)
  eden space 14336K, 100% used [0x00000000eab00000,0x00000000eb900000,0x00000000eb900000)
  from space 14848K, 83% used [0x00000000eb900000,0x00000000ec51df10,0x00000000ec780000)
  to   space 13312K, 0% used [0x00000000ec780000,0x00000000ec780000,0x00000000ed480000)
 ParOldGen       total 345088K, used 291646K [0x00000000c0000000, 0x00000000d5100000, 0x00000000eab00000)
  object space 345088K, 84% used [0x00000000c0000000,0x00000000d1ccf8d0,0x00000000d5100000)
 Metaspace       used 71811K, committed 72832K, reserved 1114112K
  class space    used 7652K, committed 8064K, reserved 1048576K
}
Event: 34.628 GC heap after
{Heap after GC invocations=169 (full 11):
 PSYoungGen      total 23040K, used 13304K [0x00000000eab00000, 0x00000000ee080000, 0x0000000100000000)
  eden space 9728K, 0% used [0x00000000eab00000,0x00000000eab00000,0x00000000eb480000)
  from space 13312K, 99% used [0x00000000ec780000,0x00000000ed47e3f8,0x00000000ed480000)
  to   space 19456K, 0% used [0x00000000eb480000,0x00000000eb480000,0x00000000ec780000)
 ParOldGen       total 345088K, used 296454K [0x00000000c0000000, 0x00000000d5100000, 0x00000000eab00000)
  object space 345088K, 85% used [0x00000000c0000000,0x00000000d2181868,0x00000000d5100000)
 Metaspace       used 71811K, committed 72832K, reserved 1114112K
  class space    used 7652K, committed 8064K, reserved 1048576K
}
Event: 34.666 GC heap before
{Heap before GC invocations=170 (full 11):
 PSYoungGen      total 23040K, used 23032K [0x00000000eab00000, 0x00000000ee080000, 0x0000000100000000)
  eden space 9728K, 100% used [0x00000000eab00000,0x00000000eb480000,0x00000000eb480000)
  from space 13312K, 99% used [0x00000000ec780000,0x00000000ed47e3f8,0x00000000ed480000)
  to   space 19456K, 0% used [0x00000000eb480000,0x00000000eb480000,0x00000000ec780000)
 ParOldGen       total 345088K, used 296454K [0x00000000c0000000, 0x00000000d5100000, 0x00000000eab00000)
  object space 345088K, 85% used [0x00000000c0000000,0x00000000d2181868,0x00000000d5100000)
 Metaspace       used 71811K, committed 72832K, reserved 1114112K
  class space    used 7652K, committed 8064K, reserved 1048576K
}
Event: 34.674 GC heap after
{Heap after GC invocations=170 (full 11):
 PSYoungGen      total 20480K, used 10686K [0x00000000eab00000, 0x00000000ed080000, 0x0000000100000000)
  eden space 9728K, 0% used [0x00000000eab00000,0x00000000eab00000,0x00000000eb480000)
  from space 10752K, 99% used [0x00000000eb480000,0x00000000ebeef9a0,0x00000000ebf00000)
  to   space 13824K, 0% used [0x00000000ec300000,0x00000000ec300000,0x00000000ed080000)
 ParOldGen       total 345088K, used 302657K [0x00000000c0000000, 0x00000000d5100000, 0x00000000eab00000)
  object space 345088K, 87% used [0x00000000c0000000,0x00000000d2790458,0x00000000d5100000)
 Metaspace       used 71811K, committed 72832K, reserved 1114112K
  class space    used 7652K, committed 8064K, reserved 1048576K
}
Event: 34.902 GC heap before
{Heap before GC invocations=171 (full 11):
 PSYoungGen      total 20480K, used 20414K [0x00000000eab00000, 0x00000000ed080000, 0x0000000100000000)
  eden space 9728K, 100% used [0x00000000eab00000,0x00000000eb480000,0x00000000eb480000)
  from space 10752K, 99% used [0x00000000eb480000,0x00000000ebeef9a0,0x00000000ebf00000)
  to   space 13824K, 0% used [0x00000000ec300000,0x00000000ec300000,0x00000000ed080000)
 ParOldGen       total 345088K, used 302657K [0x00000000c0000000, 0x00000000d5100000, 0x00000000eab00000)
  object space 345088K, 87% used [0x00000000c0000000,0x00000000d2790458,0x00000000d5100000)
 Metaspace       used 71825K, committed 72896K, reserved 1114112K
  class space    used 7652K, committed 8064K, reserved 1048576K
}
Event: 34.909 GC heap after
{Heap after GC invocations=171 (full 11):
 PSYoungGen      total 24064K, used 13306K [0x00000000eab00000, 0x00000000ed180000, 0x0000000100000000)
  eden space 10240K, 0% used [0x00000000eab00000,0x00000000eab00000,0x00000000eb500000)
  from space 13824K, 96% used [0x00000000ec300000,0x00000000ecffebd0,0x00000000ed080000)
  to   space 14336K, 0% used [0x00000000eb500000,0x00000000eb500000,0x00000000ec300000)
 ParOldGen       total 345088K, used 302657K [0x00000000c0000000, 0x00000000d5100000, 0x00000000eab00000)
  object space 345088K, 87% used [0x00000000c0000000,0x00000000d2790458,0x00000000d5100000)
 Metaspace       used 71825K, committed 72896K, reserved 1114112K
  class space    used 7652K, committed 8064K, reserved 1048576K
}
Event: 35.151 GC heap before
{Heap before GC invocations=172 (full 11):
 PSYoungGen      total 24064K, used 23546K [0x00000000eab00000, 0x00000000ed180000, 0x0000000100000000)
  eden space 10240K, 100% used [0x00000000eab00000,0x00000000eb500000,0x00000000eb500000)
  from space 13824K, 96% used [0x00000000ec300000,0x00000000ecffebd0,0x00000000ed080000)
  to   space 14336K, 0% used [0x00000000eb500000,0x00000000eb500000,0x00000000ec300000)
 ParOldGen       total 345088K, used 302657K [0x00000000c0000000, 0x00000000d5100000, 0x00000000eab00000)
  object space 345088K, 87% used [0x00000000c0000000,0x00000000d2790458,0x00000000d5100000)
 Metaspace       used 71829K, committed 72896K, reserved 1114112K
  class space    used 7653K, committed 8064K, reserved 1048576K
}
Event: 35.164 GC heap after
{Heap after GC invocations=172 (full 11):
 PSYoungGen      total 24576K, used 14333K [0x00000000eab00000, 0x00000000ede00000, 0x0000000100000000)
  eden space 10240K, 0% used [0x00000000eab00000,0x00000000eab00000,0x00000000eb500000)
  from space 14336K, 99% used [0x00000000eb500000,0x00000000ec2ff738,0x00000000ec300000)
  to   space 20480K, 0% used [0x00000000eca00000,0x00000000eca00000,0x00000000ede00000)
 ParOldGen       total 345088K, used 307563K [0x00000000c0000000, 0x00000000d5100000, 0x00000000eab00000)
  object space 345088K, 89% used [0x00000000c0000000,0x00000000d2c5ac10,0x00000000d5100000)
 Metaspace       used 71829K, committed 72896K, reserved 1114112K
  class space    used 7653K, committed 8064K, reserved 1048576K
}
Event: 35.464 GC heap before
{Heap before GC invocations=173 (full 11):
 PSYoungGen      total 24576K, used 24573K [0x00000000eab00000, 0x00000000ede00000, 0x0000000100000000)
  eden space 10240K, 100% used [0x00000000eab00000,0x00000000eb500000,0x00000000eb500000)
  from space 14336K, 99% used [0x00000000eb500000,0x00000000ec2ff738,0x00000000ec300000)
  to   space 20480K, 0% used [0x00000000eca00000,0x00000000eca00000,0x00000000ede00000)
 ParOldGen       total 345088K, used 307563K [0x00000000c0000000, 0x00000000d5100000, 0x00000000eab00000)
  object space 345088K, 89% used [0x00000000c0000000,0x00000000d2c5ac10,0x00000000d5100000)
 Metaspace       used 71829K, committed 72896K, reserved 1114112K
  class space    used 7653K, committed 8064K, reserved 1048576K
}
Event: 35.479 GC heap after
{Heap after GC invocations=173 (full 11):
 PSYoungGen      total 28672K, used 16914K [0x00000000eab00000, 0x00000000edb00000, 0x0000000100000000)
  eden space 11264K, 0% used [0x00000000eab00000,0x00000000eab00000,0x00000000eb600000)
  from space 17408K, 97% used [0x00000000eca00000,0x00000000eda84870,0x00000000edb00000)
  to   space 17920K, 0% used [0x00000000eb800000,0x00000000eb800000,0x00000000ec980000)
 ParOldGen       total 345088K, used 313956K [0x00000000c0000000, 0x00000000d5100000, 0x00000000eab00000)
  object space 345088K, 90% used [0x00000000c0000000,0x00000000d32990b8,0x00000000d5100000)
 Metaspace       used 71829K, committed 72896K, reserved 1114112K
  class space    used 7653K, committed 8064K, reserved 1048576K
}
Event: 35.712 GC heap before
{Heap before GC invocations=174 (full 11):
 PSYoungGen      total 28672K, used 27626K [0x00000000eab00000, 0x00000000edb00000, 0x0000000100000000)
  eden space 11264K, 95% used [0x00000000eab00000,0x00000000eb576088,0x00000000eb600000)
  from space 17408K, 97% used [0x00000000eca00000,0x00000000eda84870,0x00000000edb00000)
  to   space 17920K, 0% used [0x00000000eb800000,0x00000000eb800000,0x00000000ec980000)
 ParOldGen       total 345088K, used 313956K [0x00000000c0000000, 0x00000000d5100000, 0x00000000eab00000)
  object space 345088K, 90% used [0x00000000c0000000,0x00000000d32990b8,0x00000000d5100000)
 Metaspace       used 71829K, committed 72896K, reserved 1114112K
  class space    used 7653K, committed 8064K, reserved 1048576K
}
Event: 35.727 GC heap after
{Heap after GC invocations=174 (full 11):
 PSYoungGen      total 30208K, used 17916K [0x00000000eab00000, 0x00000000eea00000, 0x0000000100000000)
  eden space 12288K, 0% used [0x00000000eab00000,0x00000000eab00000,0x00000000eb700000)
  from space 17920K, 99% used [0x00000000eb800000,0x00000000ec97f368,0x00000000ec980000)
  to   space 26112K, 0% used [0x00000000ed080000,0x00000000ed080000,0x00000000eea00000)
 ParOldGen       total 345088K, used 320644K [0x00000000c0000000, 0x00000000d5100000, 0x00000000eab00000)
  object space 345088K, 92% used [0x00000000c0000000,0x00000000d3921070,0x00000000d5100000)
 Metaspace       used 71829K, committed 72896K, reserved 1114112K
  class space    used 7653K, committed 8064K, reserved 1048576K
}
Event: 36.016 GC heap before
{Heap before GC invocations=175 (full 11):
 PSYoungGen      total 30208K, used 30204K [0x00000000eab00000, 0x00000000eea00000, 0x0000000100000000)
  eden space 12288K, 100% used [0x00000000eab00000,0x00000000eb700000,0x00000000eb700000)
  from space 17920K, 99% used [0x00000000eb800000,0x00000000ec97f368,0x00000000ec980000)
  to   space 26112K, 0% used [0x00000000ed080000,0x00000000ed080000,0x00000000eea00000)
 ParOldGen       total 345088K, used 320644K [0x00000000c0000000, 0x00000000d5100000, 0x00000000eab00000)
  object space 345088K, 92% used [0x00000000c0000000,0x00000000d3921070,0x00000000d5100000)
 Metaspace       used 71829K, committed 72896K, reserved 1114112K
  class space    used 7653K, committed 8064K, reserved 1048576K
}
Event: 36.036 GC heap after
{Heap after GC invocations=175 (full 11):
 PSYoungGen      total 34304K, used 20551K [0x00000000eab00000, 0x00000000ee500000, 0x0000000100000000)
  eden space 13312K, 0% used [0x00000000eab00000,0x00000000eab00000,0x00000000eb800000)
  from space 20992K, 97% used [0x00000000ed080000,0x00000000ee491f28,0x00000000ee500000)
  to   space 22016K, 0% used [0x00000000eba00000,0x00000000eba00000,0x00000000ecf80000)
 ParOldGen       total 345088K, used 326681K [0x00000000c0000000, 0x00000000d5100000, 0x00000000eab00000)
  object space 345088K, 94% used [0x00000000c0000000,0x00000000d3f06418,0x00000000d5100000)
 Metaspace       used 71829K, committed 72896K, reserved 1114112K
  class space    used 7653K, committed 8064K, reserved 1048576K
}
Event: 36.484 GC heap before
{Heap before GC invocations=176 (full 11):
 PSYoungGen      total 34304K, used 33863K [0x00000000eab00000, 0x00000000ee500000, 0x0000000100000000)
  eden space 13312K, 100% used [0x00000000eab00000,0x00000000eb800000,0x00000000eb800000)
  from space 20992K, 97% used [0x00000000ed080000,0x00000000ee491f28,0x00000000ee500000)
  to   space 22016K, 0% used [0x00000000eba00000,0x00000000eba00000,0x00000000ecf80000)
 ParOldGen       total 345088K, used 326681K [0x00000000c0000000, 0x00000000d5100000, 0x00000000eab00000)
  object space 345088K, 94% used [0x00000000c0000000,0x00000000d3f06418,0x00000000d5100000)
 Metaspace       used 71829K, committed 72896K, reserved 1114112K
  class space    used 7653K, committed 8064K, reserved 1048576K
}
Event: 36.507 GC heap after
{Heap after GC invocations=176 (full 11):
 PSYoungGen      total 36352K, used 22013K [0x00000000eab00000, 0x00000000efa00000, 0x0000000100000000)
  eden space 14336K, 0% used [0x00000000eab00000,0x00000000eab00000,0x00000000eb900000)
  from space 22016K, 99% used [0x00000000eba00000,0x00000000ecf7f738,0x00000000ecf80000)
  to   space 33280K, 0% used [0x00000000ed980000,0x00000000ed980000,0x00000000efa00000)
 ParOldGen       total 345088K, used 335680K [0x00000000c0000000, 0x00000000d5100000, 0x00000000eab00000)
  object space 345088K, 97% used [0x00000000c0000000,0x00000000d47d00b8,0x00000000d5100000)
 Metaspace       used 71829K, committed 72896K, reserved 1114112K
  class space    used 7653K, committed 8064K, reserved 1048576K
}
Event: 36.507 GC heap before
{Heap before GC invocations=177 (full 12):
 PSYoungGen      total 36352K, used 22013K [0x00000000eab00000, 0x00000000efa00000, 0x0000000100000000)
  eden space 14336K, 0% used [0x00000000eab00000,0x00000000eab00000,0x00000000eb900000)
  from space 22016K, 99% used [0x00000000eba00000,0x00000000ecf7f738,0x00000000ecf80000)
  to   space 33280K, 0% used [0x00000000ed980000,0x00000000ed980000,0x00000000efa00000)
 ParOldGen       total 345088K, used 335680K [0x00000000c0000000, 0x00000000d5100000, 0x00000000eab00000)
  object space 345088K, 97% used [0x00000000c0000000,0x00000000d47d00b8,0x00000000d5100000)
 Metaspace       used 71829K, committed 72896K, reserved 1114112K
  class space    used 7653K, committed 8064K, reserved 1048576K
}
Event: 36.859 GC heap after
{Heap after GC invocations=177 (full 12):
 PSYoungGen      total 37376K, used 7649K [0x00000000eab00000, 0x00000000efb00000, 0x0000000100000000)
  eden space 15360K, 0% used [0x00000000eab00000,0x00000000eab00000,0x00000000eba00000)
  from space 22016K, 34% used [0x00000000eba00000,0x00000000ec178448,0x00000000ecf80000)
  to   space 33280K, 0% used [0x00000000eda80000,0x00000000eda80000,0x00000000efb00000)
 ParOldGen       total 419328K, used 344637K [0x00000000c0000000, 0x00000000d9980000, 0x00000000eab00000)
  object space 419328K, 82% used [0x00000000c0000000,0x00000000d508f650,0x00000000d9980000)
 Metaspace       used 71829K, committed 72896K, reserved 1114112K
  class space    used 7653K, committed 8064K, reserved 1048576K
}

