# JRE version: OpenJDK Runtime Environment Temurin-17.0.6+10 (17.0.6+10) (build 17.0.6+10)
# Java VM: OpenJDK 64-Bit Server VM Temurin-17.0.6+10 (17.0.6+10, mixed mode, tiered, compressed oops, compressed class ptrs, parallel gc, windows-amd64)
GC Precious Log:
 CPUs: 8 total, 8 available
 Memory: 7123M
 Large Page Support: Disabled
 NUMA Support: Disabled
 Compressed Oops: Enabled (32-bit)
 Alignments: Space 512K, Generation 512K, Heap 2M
 Heap Min Capacity: 100M
 Heap Initial Capacity: 100M
 Heap Max Capacity: 1G
 Pre-touch: Disabled
 Parallel Workers: 8
Heap:
 PSYoungGen      total 21504K, used 16477K [0x00000000eab00000, 0x00000000ec380000, 0x0000000100000000)
  eden space 18432K, 74% used [0x00000000eab00000,0x00000000eb862850,0x00000000ebd00000)
  from space 3072K, 90% used [0x00000000ec080000,0x00000000ec334f38,0x00000000ec380000)
  to   space 3072K, 0% used [0x00000000ebd80000,0x00000000ebd80000,0x00000000ec080000)
 ParOldGen       total 68608K, used 35762K [0x00000000c0000000, 0x00000000c4300000, 0x00000000eab00000)
  object space 68608K, 52% used [0x00000000c0000000,0x00000000c22ecac0,0x00000000c4300000)
 Metaspace       used 53008K, committed 53888K, reserved 1097728K
  class space    used 5759K, committed 6144K, reserved 1048576K
GC Heap History (20 events):
Event: 19.898 GC heap before
{Heap before GC invocations=15 (full 2):
 PSYoungGen      total 23552K, used 23456K [0x00000000eab00000, 0x00000000ec580000, 0x0000000100000000)
  eden space 22016K, 100% used [0x00000000eab00000,0x00000000ec080000,0x00000000ec080000)
  from space 1536K, 93% used [0x00000000ec400000,0x00000000ec568000,0x00000000ec580000)
  to   space 1536K, 0% used [0x00000000ec280000,0x00000000ec280000,0x00000000ec400000)
 ParOldGen       total 68608K, used 14736K [0x00000000c0000000, 0x00000000c4300000, 0x00000000eab00000)
  object space 68608K, 21% used [0x00000000c0000000,0x00000000c0e641e0,0x00000000c4300000)
 Metaspace       used 46032K, committed 46912K, reserved 1097728K
  class space    used 5012K, committed 5440K, reserved 1048576K
}
Event: 19.904 GC heap after
{Heap after GC invocations=15 (full 2):
 PSYoungGen      total 23552K, used 1482K [0x00000000eab00000, 0x00000000ec480000, 0x0000000100000000)
  eden space 22016K, 0% used [0x00000000eab00000,0x00000000eab00000,0x00000000ec080000)
  from space 1536K, 96% used [0x00000000ec280000,0x00000000ec3f2a78,0x00000000ec400000)
  to   space 512K, 0% used [0x00000000ec400000,0x00000000ec400000,0x00000000ec480000)
 ParOldGen       total 68608K, used 16047K [0x00000000c0000000, 0x00000000c4300000, 0x00000000eab00000)
  object space 68608K, 23% used [0x00000000c0000000,0x00000000c0fabf00,0x00000000c4300000)
 Metaspace       used 46032K, committed 46912K, reserved 1097728K
  class space    used 5012K, committed 5440K, reserved 1048576K
}
Event: 22.782 GC heap before
{Heap before GC invocations=16 (full 2):
 PSYoungGen      total 23552K, used 23498K [0x00000000eab00000, 0x00000000ec480000, 0x0000000100000000)
  eden space 22016K, 100% used [0x00000000eab00000,0x00000000ec080000,0x00000000ec080000)
  from space 1536K, 96% used [0x00000000ec280000,0x00000000ec3f2a78,0x00000000ec400000)
  to   space 512K, 0% used [0x00000000ec400000,0x00000000ec400000,0x00000000ec480000)
 ParOldGen       total 68608K, used 16047K [0x00000000c0000000, 0x00000000c4300000, 0x00000000eab00000)
  object space 68608K, 23% used [0x00000000c0000000,0x00000000c0fabf00,0x00000000c4300000)
 Metaspace       used 47896K, committed 48832K, reserved 1097728K
  class space    used 5221K, committed 5632K, reserved 1048576K
}
Event: 22.790 GC heap after
{Heap after GC invocations=16 (full 2):
 PSYoungGen      total 22016K, used 511K [0x00000000eab00000, 0x00000000ec880000, 0x0000000100000000)
  eden space 21504K, 0% used [0x00000000eab00000,0x00000000eab00000,0x00000000ec000000)
  from space 512K, 99% used [0x00000000ec400000,0x00000000ec47fdb8,0x00000000ec480000)
  to   space 4096K, 0% used [0x00000000ec000000,0x00000000ec000000,0x00000000ec400000)
 ParOldGen       total 68608K, used 18898K [0x00000000c0000000, 0x00000000c4300000, 0x00000000eab00000)
  object space 68608K, 27% used [0x00000000c0000000,0x00000000c12748a8,0x00000000c4300000)
 Metaspace       used 47896K, committed 48832K, reserved 1097728K
  class space    used 5221K, committed 5632K, reserved 1048576K
}
Event: 24.219 GC heap before
{Heap before GC invocations=17 (full 2):
 PSYoungGen      total 22016K, used 22015K [0x00000000eab00000, 0x00000000ec880000, 0x0000000100000000)
  eden space 21504K, 100% used [0x00000000eab00000,0x00000000ec000000,0x00000000ec000000)
  from space 512K, 99% used [0x00000000ec400000,0x00000000ec47fdb8,0x00000000ec480000)
  to   space 4096K, 0% used [0x00000000ec000000,0x00000000ec000000,0x00000000ec400000)
 ParOldGen       total 68608K, used 18898K [0x00000000c0000000, 0x00000000c4300000, 0x00000000eab00000)
  object space 68608K, 27% used [0x00000000c0000000,0x00000000c12748a8,0x00000000c4300000)
 Metaspace       used 49547K, committed 50496K, reserved 1097728K
  class space    used 5400K, committed 5824K, reserved 1048576K
}
Event: 24.229 GC heap after
{Heap after GC invocations=17 (full 2):
 PSYoungGen      total 23552K, used 1760K [0x00000000eab00000, 0x00000000ec500000, 0x0000000100000000)
  eden space 21504K, 0% used [0x00000000eab00000,0x00000000eab00000,0x00000000ec000000)
  from space 2048K, 85% used [0x00000000ec000000,0x00000000ec1b8020,0x00000000ec200000)
  to   space 2560K, 0% used [0x00000000ec280000,0x00000000ec280000,0x00000000ec500000)
 ParOldGen       total 68608K, used 19446K [0x00000000c0000000, 0x00000000c4300000, 0x00000000eab00000)
  object space 68608K, 28% used [0x00000000c0000000,0x00000000c12fda70,0x00000000c4300000)
 Metaspace       used 49547K, committed 50496K, reserved 1097728K
  class space    used 5400K, committed 5824K, reserved 1048576K
}
Event: 24.670 GC heap before
{Heap before GC invocations=18 (full 2):
 PSYoungGen      total 23552K, used 23264K [0x00000000eab00000, 0x00000000ec500000, 0x0000000100000000)
  eden space 21504K, 100% used [0x00000000eab00000,0x00000000ec000000,0x00000000ec000000)
  from space 2048K, 85% used [0x00000000ec000000,0x00000000ec1b8020,0x00000000ec200000)
  to   space 2560K, 0% used [0x00000000ec280000,0x00000000ec280000,0x00000000ec500000)
 ParOldGen       total 68608K, used 19446K [0x00000000c0000000, 0x00000000c4300000, 0x00000000eab00000)
  object space 68608K, 28% used [0x00000000c0000000,0x00000000c12fda70,0x00000000c4300000)
 Metaspace       used 50107K, committed 51072K, reserved 1097728K
  class space    used 5452K, committed 5888K, reserved 1048576K
}
Event: 24.675 GC heap after
{Heap after GC invocations=18 (full 2):
 PSYoungGen      total 24064K, used 2016K [0x00000000eab00000, 0x00000000ec500000, 0x0000000100000000)
  eden space 21504K, 0% used [0x00000000eab00000,0x00000000eab00000,0x00000000ec000000)
  from space 2560K, 78% used [0x00000000ec280000,0x00000000ec478010,0x00000000ec500000)
  to   space 2560K, 0% used [0x00000000ec000000,0x00000000ec000000,0x00000000ec280000)
 ParOldGen       total 68608K, used 21141K [0x00000000c0000000, 0x00000000c4300000, 0x00000000eab00000)
  object space 68608K, 30% used [0x00000000c0000000,0x00000000c14a54a8,0x00000000c4300000)
 Metaspace       used 50107K, committed 51072K, reserved 1097728K
  class space    used 5452K, committed 5888K, reserved 1048576K
}
Event: 24.997 GC heap before
{Heap before GC invocations=19 (full 2):
 PSYoungGen      total 24064K, used 23520K [0x00000000eab00000, 0x00000000ec500000, 0x0000000100000000)
  eden space 21504K, 100% used [0x00000000eab00000,0x00000000ec000000,0x00000000ec000000)
  from space 2560K, 78% used [0x00000000ec280000,0x00000000ec478010,0x00000000ec500000)
  to   space 2560K, 0% used [0x00000000ec000000,0x00000000ec000000,0x00000000ec280000)
 ParOldGen       total 68608K, used 21141K [0x00000000c0000000, 0x00000000c4300000, 0x00000000eab00000)
  object space 68608K, 30% used [0x00000000c0000000,0x00000000c14a54a8,0x00000000c4300000)
 Metaspace       used 50378K, committed 51264K, reserved 1097728K
  class space    used 5479K, committed 5888K, reserved 1048576K
}
Event: 25.006 GC heap after
{Heap after GC invocations=19 (full 2):
 PSYoungGen      total 24064K, used 2528K [0x00000000eab00000, 0x00000000eca00000, 0x0000000100000000)
  eden space 21504K, 0% used [0x00000000eab00000,0x00000000eab00000,0x00000000ec000000)
  from space 2560K, 98% used [0x00000000ec000000,0x00000000ec278020,0x00000000ec280000)
  to   space 5120K, 0% used [0x00000000ec500000,0x00000000ec500000,0x00000000eca00000)
 ParOldGen       total 68608K, used 23077K [0x00000000c0000000, 0x00000000c4300000, 0x00000000eab00000)
  object space 68608K, 33% used [0x00000000c0000000,0x00000000c16894a8,0x00000000c4300000)
 Metaspace       used 50378K, committed 51264K, reserved 1097728K
  class space    used 5479K, committed 5888K, reserved 1048576K
}
Event: 25.145 GC heap before
{Heap before GC invocations=20 (full 2):
 PSYoungGen      total 24064K, used 24032K [0x00000000eab00000, 0x00000000eca00000, 0x0000000100000000)
  eden space 21504K, 100% used [0x00000000eab00000,0x00000000ec000000,0x00000000ec000000)
  from space 2560K, 98% used [0x00000000ec000000,0x00000000ec278020,0x00000000ec280000)
  to   space 5120K, 0% used [0x00000000ec500000,0x00000000ec500000,0x00000000eca00000)
 ParOldGen       total 68608K, used 23077K [0x00000000c0000000, 0x00000000c4300000, 0x00000000eab00000)
  object space 68608K, 33% used [0x00000000c0000000,0x00000000c16894a8,0x00000000c4300000)
 Metaspace       used 50422K, committed 51328K, reserved 1097728K
  class space    used 5481K, committed 5888K, reserved 1048576K
}
Event: 25.153 GC heap after
{Heap after GC invocations=20 (full 2):
 PSYoungGen      total 24064K, used 2536K [0x00000000eab00000, 0x00000000ec780000, 0x0000000100000000)
  eden space 21504K, 0% used [0x00000000eab00000,0x00000000eab00000,0x00000000ec000000)
  from space 2560K, 99% used [0x00000000ec500000,0x00000000ec77a2d0,0x00000000ec780000)
  to   space 3584K, 0% used [0x00000000ec080000,0x00000000ec080000,0x00000000ec400000)
 ParOldGen       total 68608K, used 25605K [0x00000000c0000000, 0x00000000c4300000, 0x00000000eab00000)
  object space 68608K, 37% used [0x00000000c0000000,0x00000000c19017d0,0x00000000c4300000)
 Metaspace       used 50422K, committed 51328K, reserved 1097728K
  class space    used 5481K, committed 5888K, reserved 1048576K
}
Event: 25.345 GC heap before
{Heap before GC invocations=21 (full 2):
 PSYoungGen      total 24064K, used 24040K [0x00000000eab00000, 0x00000000ec780000, 0x0000000100000000)
  eden space 21504K, 100% used [0x00000000eab00000,0x00000000ec000000,0x00000000ec000000)
  from space 2560K, 99% used [0x00000000ec500000,0x00000000ec77a2d0,0x00000000ec780000)
  to   space 3584K, 0% used [0x00000000ec080000,0x00000000ec080000,0x00000000ec400000)
 ParOldGen       total 68608K, used 25605K [0x00000000c0000000, 0x00000000c4300000, 0x00000000eab00000)
  object space 68608K, 37% used [0x00000000c0000000,0x00000000c19017d0,0x00000000c4300000)
 Metaspace       used 50450K, committed 51328K, reserved 1097728K
  class space    used 5481K, committed 5888K, reserved 1048576K
}
Event: 25.353 GC heap after
{Heap after GC invocations=21 (full 2):
 PSYoungGen      total 24576K, used 2848K [0x00000000eab00000, 0x00000000ec600000, 0x0000000100000000)
  eden space 21504K, 0% used [0x00000000eab00000,0x00000000eab00000,0x00000000ec000000)
  from space 3072K, 92% used [0x00000000ec080000,0x00000000ec348010,0x00000000ec380000)
  to   space 2560K, 0% used [0x00000000ec380000,0x00000000ec380000,0x00000000ec600000)
 ParOldGen       total 68608K, used 28058K [0x00000000c0000000, 0x00000000c4300000, 0x00000000eab00000)
  object space 68608K, 40% used [0x00000000c0000000,0x00000000c1b66b38,0x00000000c4300000)
 Metaspace       used 50450K, committed 51328K, reserved 1097728K
  class space    used 5481K, committed 5888K, reserved 1048576K
}
Event: 25.622 GC heap before
{Heap before GC invocations=22 (full 2):
 PSYoungGen      total 24576K, used 24352K [0x00000000eab00000, 0x00000000ec600000, 0x0000000100000000)
  eden space 21504K, 100% used [0x00000000eab00000,0x00000000ec000000,0x00000000ec000000)
  from space 3072K, 92% used [0x00000000ec080000,0x00000000ec348010,0x00000000ec380000)
  to   space 2560K, 0% used [0x00000000ec380000,0x00000000ec380000,0x00000000ec600000)
 ParOldGen       total 68608K, used 28058K [0x00000000c0000000, 0x00000000c4300000, 0x00000000eab00000)
  object space 68608K, 40% used [0x00000000c0000000,0x00000000c1b66b38,0x00000000c4300000)
 Metaspace       used 50702K, committed 51584K, reserved 1097728K
  class space    used 5497K, committed 5888K, reserved 1048576K
}
Event: 25.635 GC heap after
{Heap after GC invocations=22 (full 2):
 PSYoungGen      total 20992K, used 2560K [0x00000000eab00000, 0x00000000ecd00000, 0x0000000100000000)
  eden space 18432K, 0% used [0x00000000eab00000,0x00000000eab00000,0x00000000ebd00000)
  from space 2560K, 100% used [0x00000000ec380000,0x00000000ec600000,0x00000000ec600000)
  to   space 6656K, 0% used [0x00000000ebd00000,0x00000000ebd00000,0x00000000ec380000)
 ParOldGen       total 68608K, used 31155K [0x00000000c0000000, 0x00000000c4300000, 0x00000000eab00000)
  object space 68608K, 45% used [0x00000000c0000000,0x00000000c1e6cf78,0x00000000c4300000)
 Metaspace       used 50702K, committed 51584K, reserved 1097728K
  class space    used 5497K, committed 5888K, reserved 1048576K
}
Event: 26.230 GC heap before
{Heap before GC invocations=23 (full 2):
 PSYoungGen      total 20992K, used 20992K [0x00000000eab00000, 0x00000000ecd00000, 0x0000000100000000)
  eden space 18432K, 100% used [0x00000000eab00000,0x00000000ebd00000,0x00000000ebd00000)
  from space 2560K, 100% used [0x00000000ec380000,0x00000000ec600000,0x00000000ec600000)
  to   space 6656K, 0% used [0x00000000ebd00000,0x00000000ebd00000,0x00000000ec380000)
 ParOldGen       total 68608K, used 31155K [0x00000000c0000000, 0x00000000c4300000, 0x00000000eab00000)
  object space 68608K, 45% used [0x00000000c0000000,0x00000000c1e6cf78,0x00000000c4300000)
 Metaspace       used 52315K, committed 53248K, reserved 1097728K
  class space    used 5664K, committed 6080K, reserved 1048576K
}
Event: 26.240 GC heap after
{Heap after GC invocations=23 (full 2):
 PSYoungGen      total 20992K, used 2257K [0x00000000eab00000, 0x00000000ec400000, 0x0000000100000000)
  eden space 18432K, 0% used [0x00000000eab00000,0x00000000eab00000,0x00000000ebd00000)
  from space 2560K, 88% used [0x00000000ebd00000,0x00000000ebf34690,0x00000000ebf80000)
  to   space 3584K, 0% used [0x00000000ec080000,0x00000000ec080000,0x00000000ec400000)
 ParOldGen       total 68608K, used 33709K [0x00000000c0000000, 0x00000000c4300000, 0x00000000eab00000)
  object space 68608K, 49% used [0x00000000c0000000,0x00000000c20eb5d8,0x00000000c4300000)
 Metaspace       used 52315K, committed 53248K, reserved 1097728K
  class space    used 5664K, committed 6080K, reserved 1048576K
}
Event: 26.815 GC heap before
{Heap before GC invocations=24 (full 2):
 PSYoungGen      total 20992K, used 20689K [0x00000000eab00000, 0x00000000ec400000, 0x0000000100000000)
  eden space 18432K, 100% used [0x00000000eab00000,0x00000000ebd00000,0x00000000ebd00000)
  from space 2560K, 88% used [0x00000000ebd00000,0x00000000ebf34690,0x00000000ebf80000)
  to   space 3584K, 0% used [0x00000000ec080000,0x00000000ec080000,0x00000000ec400000)
 ParOldGen       total 68608K, used 33709K [0x00000000c0000000, 0x00000000c4300000, 0x00000000eab00000)
  object space 68608K, 49% used [0x00000000c0000000,0x00000000c20eb5d8,0x00000000c4300000)
 Metaspace       used 52705K, committed 53632K, reserved 1097728K
  class space    used 5723K, committed 6144K, reserved 1048576K
}
Event: 26.819 GC heap after
{Heap after GC invocations=24 (full 2):
 PSYoungGen      total 21504K, used 2771K [0x00000000eab00000, 0x00000000ec380000, 0x0000000100000000)
  eden space 18432K, 0% used [0x00000000eab00000,0x00000000eab00000,0x00000000ebd00000)
  from space 3072K, 90% used [0x00000000ec080000,0x00000000ec334f38,0x00000000ec380000)
  to   space 3072K, 0% used [0x00000000ebd80000,0x00000000ebd80000,0x00000000ec080000)
 ParOldGen       total 68608K, used 35762K [0x00000000c0000000, 0x00000000c4300000, 0x00000000eab00000)
  object space 68608K, 52% used [0x00000000c0000000,0x00000000c22ecac0,0x00000000c4300000)
 Metaspace       used 52705K, committed 53632K, reserved 1097728K
  class space    used 5723K, committed 6144K, reserved 1048576K
}

